[System] Update  Collection: [posts],Condition: _id=573ecc911d9bdaf94e0041aa  Data:title=11test222 ,body=<p>sadfasdf</p> ,slug=asdfsadf11 ,status=0 ,updated=0.21500000 1463757656  IP: 127.0.0.1 User ID: UserName:	 [2016-05-20 23:20:56]
[System] Insert Collection: [configs],Data:title=home ,body=<div id="main" role="main">
  <article class="wrap" itemscope="" itemtype="http://schema.org/Article">
    
    
    <div class="page-title">
      <h1>Getting Started with Skinny Bones</h1>
    </div>
    <div class="inner-wrap">
      <div id="content" class="page-content" itemprop="articleBody">
        <p>The basics for getting Skinny Bones setup.</p>

<nav class="toc">
<ul id="markdown-toc"><li><h6>Overvi</h6></li>
  <li><a href="#installation" id="markdown-toc-installation">Installation</a></li>
  <li><a href="#running-jekyll" id="markdown-toc-running-jekyll">Running Jekyll</a></li>
  <li><a href="#scaffolding" id="markdown-toc-scaffolding">Scaffolding</a></li>
  <li><a href="#site-setup" id="markdown-toc-site-setup">Site Setup</a></li>
  <li><a href="#adding-new-content-with-octopress" id="markdown-toc-adding-new-content-with-octopress">Adding New Content with Octopress</a></li>
  <li><a href="#contributing" id="markdown-toc-contributing">Contributing</a></li>
  <li><a href="#license" id="markdown-toc-license">License</a></li>
</ul>

</nav>

<h2 id="installation">Installation</h2>

<p>Skinny Bones requires <a href="http://jekyllrb.com/">Jekyll</a> 3.0. Make sure to run <code class="highlighter-rouge">bundle update</code> if you aren’t on the latest version or <code class="highlighter-rouge">bundle install</code> if this is your first time installing it.</p>

<p>If you are creating a new Jekyll site using Skinny Bones following these steps:</p>

<ol>
  <li><a href="https://github.com/mmistakes/skinny-bones-jekyll/archive/master.zip">Download Skinny Bones</a> and unzip.</li>
  <li>Rename <code class="highlighter-rouge">skinny-bones-jekyll-master</code> to something meaningful ie: <code class="highlighter-rouge">new-site</code></li>
  <li>Run <code class="highlighter-rouge">bundle install</code> to install all dependencies (Jekyll, <a href="https://github.com/jekyll/jekyll-sitemap">Jekyll-Sitemap</a>, <a href="https://github.com/octopress/octopress">Octopress</a>, etc)</li>
  <li>Update <code class="highlighter-rouge">_config.yml</code>, add navigation, and add posts/pages. Full details below.</li>
</ol>

<p>If you want to use Skinny Bones with an existing Jekyll site follow these steps:</p>

<ol>
  <li><a href="https://github.com/mmistakes/skinny-bones-jekyll/archive/master.zip">Download Skinny Bones</a> and unzip.</li>
  <li>Rename <code class="highlighter-rouge">skinny-bones-jekyll-master</code> to something meaningful ie: <code class="highlighter-rouge">new-site</code></li>
  <li>Run <code class="highlighter-rouge">bundle install</code> to install all dependencies (Jekyll, <a href="https://github.com/jekyll/jekyll-sitemap">Jekyll-Sitemap</a>, <a href="https://github.com/octopress/octopress">Octopress</a>, etc)</li>
  <li>Add all of your existing posts, pages, and any other content you want to move over.</li>
  <li>Update YAML front matter blocks to match names used by Skinny Bones. Full details below.</li>
  <li>Update <code class="highlighter-rouge">config.yml</code>, add navigation links. Full details below.</li>
</ol>

<hr>

<h2 id="running-jekyll">Running Jekyll</h2>

<p>The preferred method for running Jekyll is with <code class="highlighter-rouge">bundle exec</code>, but if you’re willing to deal gem conflicts feel free to go cowboy with a <code class="highlighter-rouge">jekyll build</code> or <code class="highlighter-rouge">jekyll serve</code>.</p>

<blockquote>
  <p>In some cases, running executables without bundle exec may work, if the executable happens to be installed in your system and does not pull in any gems that conflict with your bundle.</p>

  <p>However, this is unreliable and is the source of considerable pain. Even if it looks like it works, it may not work in the future or on another machine.</p>
</blockquote>

<figure class="highlight"><pre><code class="language-text" data-lang="text">bundle exec jekyll build

bundle exec jekyll serve</code></pre></figure>

<hr>

<h2 id="license">License</h2>

<p>This theme is free and open source software, distributed under the MIT License. So feel free to use this Jekyll theme on your site without linking back to me or including a disclaimer.</p>
<div class="footnotes">
  <ol>
    <li id="fn:protocol">
      <p>If you decide to use a protocol-relative URL know that it will most likely break sitemap.xml that the Jekyll-Sitemap gem creates. If a valid sitemap matters to you I’d suggest <a href="http://davidensinger.com/2013/03/generating-a-sitemap-in-jekyll-without-a-plugin/">creating your own sitemap.xml</a> and apply some Liquid logic to prepend links to posts/pages with <code class="highlighter-rouge">https:</code>. <a href="#fnref:protocol" class="reversefootnote">↩</a></p>
    </li>
    <li id="fn:plugins">
      <p>If you’re using GitHub Pages to host your site be aware that plugins are disabled. You’ll need to build your site locally and then manually deploy if you want to use this sweet plugin. <a href="#fnref:plugins" class="reversefootnote">↩</a></p>
    </li>
  </ol>
</div>

        <hr>
        <footer class="page-footer">
          
          
          <div class="page-meta">
  <p>Updated <time datetime="2016-01-19T00:00:00Z" itemprop="dateModified">January 19, 2016</time>
</p></div><!-- /.page-meta -->
        </footer><!-- /.footer -->
        <aside>
          
        </aside>
      </div><!-- /.content -->
    </div><!-- /.inner-wrap -->
    
  </article><!-- ./wrap -->
</div> ,status=0 ,created=0.08700000 1463758299 ,updated=0.08700000 1463758299  IP: 127.0.0.1 User ID: UserName:	 [2016-05-20 23:31:39]
[System] Update  Collection: [configs],Condition: _id=573f2ddb1d9bdafb4e0041a8  Data:title=home ,body=<p>
  </p><article class="wrap" itemscope="" itemtype="http://schema.org/Article">
    
    
    <div class="page-title">
      <h1>吴式太极拳</h1><div id="content" class="page-content" itemprop="articleBody">

<h2 id="installation">介绍</h2>

<p>Skinny Bones requires <a href="http://jekyllrb.com/">Jekyll</a> 3.0. Make sure to run <code class="highlighter-rouge">bundle update</code> if you aren’t on the latest version or <code class="highlighter-rouge">bundle install</code> if this is your first time installing it.</p>

<p>If you are creating a new Jekyll site using Skinny Bones following these steps:</p>

<ol>
  <li><a href="https://github.com/mmistakes/skinny-bones-jekyll/archive/master.zip">Download Skinny Bones</a> and unzip.</li>
  <li>Rename <code class="highlighter-rouge">skinny-bones-jekyll-master</code> to something meaningful ie: <code class="highlighter-rouge">new-site</code></li>
  <li>Run <code class="highlighter-rouge">bundle install</code> to install all dependencies (Jekyll, <a href="https://github.com/jekyll/jekyll-sitemap">Jekyll-Sitemap</a>, <a href="https://github.com/octopress/octopress">Octopress</a>, etc)</li>
  <li>Update <code class="highlighter-rouge">_config.yml</code>, add navigation, and add posts/pages. Full details below.</li>
</ol>

<p>If you want to use Skinny Bones with an existing Jekyll site follow these steps:</p>

<ol>
  <li><a href="https://github.com/mmistakes/skinny-bones-jekyll/archive/master.zip">Download Skinny Bones</a> and unzip.</li>
  <li>Rename <code class="highlighter-rouge">skinny-bones-jekyll-master</code> to something meaningful ie: <code class="highlighter-rouge">new-site</code></li>
  <li>Run <code class="highlighter-rouge">bundle install</code> to install all dependencies (Jekyll, <a href="https://github.com/jekyll/jekyll-sitemap">Jekyll-Sitemap</a>, <a href="https://github.com/octopress/octopress">Octopress</a>, etc)</li>
  <li>Add all of your existing posts, pages, and any other content you want to move over.</li>
  <li>Update YAML front matter blocks to match names used by Skinny Bones. Full details below.</li>
  <li>Update <code class="highlighter-rouge">config.yml</code>, add navigation links. Full details below.</li>
</ol>

<hr>

<h2 id="running-jekyll">Running Jekyll</h2>

<p>The preferred method for running Jekyll is with <code class="highlighter-rouge">bundle exec</code>, but if you’re willing to deal gem conflicts feel free to go cowboy with a <code class="highlighter-rouge">jekyll build</code> or <code class="highlighter-rouge">jekyll serve</code>.</p>

<blockquote>
  <p>In some cases, running executables without bundle exec may work, if the executable happens to be installed in your system and does not pull in any gems that conflict with your bundle.</p>

  <p>However, this is unreliable and is the source of considerable pain. Even if it looks like it works, it may not work in the future or on another machine.</p>
</blockquote>

<figure class="highlight"><pre>&lt;code class="language-text" data-lang="text"&gt;bundle exec jekyll build

bundle exec jekyll serve&lt;/code&gt;</pre></figure>

<hr>

<h2 id="license">License</h2>

<p>This theme is free and open source software, distributed under the MIT License. So feel free to use this Jekyll theme on your site without linking back to me or including a disclaimer.</p>
<div class="footnotes">
  <ol>
    <li id="fn:protocol">
      <p>If you decide to use a protocol-relative URL know that it will most likely break sitemap.xml that the Jekyll-Sitemap gem creates. If a valid sitemap matters to you I’d suggest <a href="http://davidensinger.com/2013/03/generating-a-sitemap-in-jekyll-without-a-plugin/">creating your own sitemap.xml</a> and apply some Liquid logic to prepend links to posts/pages with <code class="highlighter-rouge">https:</code>. <a href="#fnref:protocol" class="reversefootnote">↩</a></p>
    </li>
    <li id="fn:plugins">
      <p>If you’re using GitHub Pages to host your site be aware that plugins are disabled. You’ll need to build your site locally and then manually deploy if you want to use this sweet plugin.&nbsp;</p></li></ol><footer class="page-footer"><p></p><!-- /.page-meta -->
        </footer><!-- /.footer -->
        <aside>
          
        </aside>
      </div><!-- /.content -->
    </div><!-- /.inner-wrap -->
    
  </div></article><!-- ./wrap --> ,status=0 ,updated=0.36900000 1463758874  IP: 127.0.0.1 User ID: UserName:	 [2016-05-20 23:41:14]
[System] Update  Collection: [configs],Condition: _id=573f2ddb1d9bdafb4e0041a8  Data:title=home ,body=<p>
  </p><article class="wrap" itemscope="" itemtype="http://schema.org/Article">
    
    
    <p>
      </p><h1>吴式太极拳</h1><div id="content" class="page-content" itemprop="articleBody">

<h2 id="installation">裴祖荫</h2>

<p>&nbsp; &nbsp;太极名师裴祖荫先生生于1917年，童稚爱好体育，稍长演练少林，20世纪20年代末，吴式太极拳拳架定型人吴鉴泉宗师，南迁上海传授拳术，裴先生闻迅即速前往请业，宗师  感其诚，纳于门下，数年即登堂入室，获得薪传。嗣后，裴先生长时间与吴门中的大师高手如吴公仪、吴公藻、马岳梁、赵寿村等交往甚密，尤其与公仪关系亲密，延请至家中传授拳架与推手；1936年裴先生奉宗师之命，正式师事马岳梁大师，吴式太极拳精义秘要悉数为裴先生所得。    裴先生对其他门派拳术、擒拿、摔跤、西洋拳击、日本柔道、空手道等都备加关注，研究琢磨，因此裴先生的拳架、推手、擒拿、散手都超群绝伦，别具特色。马岳梁大师曾赞许说：“裴先生人品好，功夫了不起”。吴公仪离沪到香港时，要求裴祖荫先生多与张达泉、吴耀宗联系，因而裴祖荫先生经常出入他们的住处与活动场所。<br>&nbsp;裴祖荫先生生前主要在襄阳公园、静安公园和西康公园（南阳公园）活动，授业者众多，经常是里三层外三层围绕周围，早期学生有何南杰、苏宝泉等人，鉴泉社复社后正式收梁琪华、洪宗南、刘继发和夏福星四人为入室弟子。</p>

<h2 id="running-jekyll">刘继发</h2>

<p></p>&nbsp; &nbsp; 著名吴式太极传人， 刘继发师傅生于1939年，从27岁时开始跟随吴式太极拳名师裴祖荫先生学习太极拳。<br>&nbsp;作为跟随裴先生20 多年的徒弟，刘师傅在文革结束上海鉴泉社复社后，正式拜师裴先生。刘师傅在八十年代被裴先生引荐给马岳梁和吴英华大师。裴先生去世后，刘师傅跟随马岳梁和吴英华大师继续学习太极拳。<br>&nbsp;刘师傅精于传统的太极拳架以及松软敏捷的推手技巧。刘师傅的拳架完整的继承了马和裴的拳架和传统。<br>&nbsp;刘师傅在八十年代，率襄阳公园、静安公园吴式太极拳友组队参加上海市太极拳比赛，个人获得吴式太极拳一等奖，众拳友都取得相应的好成绩，全队总成绩名列全市前茅。<br>&nbsp;刘师傅1983年至1986年，由上海鉴泉社开介绍信到静安区体育馆教授传统吴式太极拳。<br>&nbsp;2008年受美国太极拳爱好者邀请，赴美国芝加哥讲授太极与养生课程，在当地受到好评，并被当地报纸刊登专门文章介绍。<br>&nbsp;刘师傅经常在江苏、浙江等地传播吴式太极拳，平时每天坚持在上海吴式太极拳传统的授拳地点----襄阳公园活动。<br>&nbsp; &nbsp; 刘师傅曾任上海鉴泉太极拳社常务理事，现在是社里的顾问。<br>&nbsp; &nbsp; 刘师傅强调太极拳学习者要领悟吴式太极的基本原则。 “后发制人，柔化为主”，“ 彼不动，已不动，彼微动，已先动”。<br>&nbsp; &nbsp; 和刘师傅推手，你会感到他的双手能非常松软的粘住你而你却不能反抗，刘师傅可以毫不费力的完全控制你的身体和精神。<br>&nbsp; &nbsp; &nbsp;刘师傅拿法是继承裴祖荫先生的特有的手法。在对方不知不觉的过程中完成，随心所欲，沾手而成，到对方感觉到时已被拿住了。<br>&nbsp; &nbsp; 刘师傅丹田的运动放松而又具有强大的力量，刘师傅身体内部是动态和灵活的而且能自如和随意的掌控。刘师傅能在任何时间向任何方向发功，让人感到你就像刘师傅手里的一个小玩具那样的神奇。<br><div class="footnotes"><br></div><!-- /.inner-wrap -->
    
  </div></article><!-- ./wrap --> ,status=0 ,updated=0.83400000 1463759141  IP: 127.0.0.1 User ID: UserName:	 [2016-05-20 23:45:41]
[System] Update  Collection: [configs],Condition: _id=573f2ddb1d9bdafb4e0041a8  Data:title=home ,body=<p>
  </p><article class="wrap" itemscope="" itemtype="http://schema.org/Article">
    
    
    <p>
      </p><h1>吴式太极拳</h1><p>

</p><h2 id="installation">裴祖荫</h2>

<p>&nbsp; &nbsp;太极名师裴祖荫先生生于1917年，童稚爱好体育，稍长演练少林，20世纪20年代末，吴式太极拳拳架定型人吴鉴泉宗师，南迁上海传授拳术，裴先生闻迅即速前往请业，宗师  感其诚，纳于门下，数年即登堂入室，获得薪传。嗣后，裴先生长时间与吴门中的大师高手如吴公仪、吴公藻、马岳梁、赵寿村等交往甚密，尤其与公仪关系亲密，延请至家中传授拳架与推手；1936年裴先生奉宗师之命，正式师事马岳梁大师，吴式太极拳精义秘要悉数为裴先生所得。    裴先生对其他门派拳术、擒拿、摔跤、西洋拳击、日本柔道、空手道等都备加关注，研究琢磨，因此裴先生的拳架、推手、擒拿、散手都超群绝伦，别具特色。马岳梁大师曾赞许说：“裴先生人品好，功夫了不起”。吴公仪离沪到香港时，要求裴祖荫先生多与张达泉、吴耀宗联系，因而裴祖荫先生经常出入他们的住处与活动场所。<br>&nbsp;裴祖荫先生生前主要在襄阳公园、静安公园和西康公园（南阳公园）活动，授业者众多，经常是里三层外三层围绕周围，早期学生有何南杰、苏宝泉等人，鉴泉社复社后正式收梁琪华、洪宗南、刘继发和夏福星四人为入室弟子。</p>

<h2 id="running-jekyll">刘继发</h2>

<p></p>&nbsp; &nbsp; 著名吴式太极传人， 刘继发师傅生于1939年，从27岁时开始跟随吴式太极拳名师裴祖荫先生学习太极拳。<br>&nbsp;作为跟随裴先生20 多年的徒弟，刘师傅在文革结束上海鉴泉社复社后，正式拜师裴先生。刘师傅在八十年代被裴先生引荐给马岳梁和吴英华大师。裴先生去世后，刘师傅跟随马岳梁和吴英华大师继续学习太极拳。<br>&nbsp;刘师傅精于传统的太极拳架以及松软敏捷的推手技巧。刘师傅的拳架完整的继承了马和裴的拳架和传统。<br>&nbsp;刘师傅在八十年代，率襄阳公园、静安公园吴式太极拳友组队参加上海市太极拳比赛，个人获得吴式太极拳一等奖，众拳友都取得相应的好成绩，全队总成绩名列全市前茅。<br>&nbsp;刘师傅1983年至1986年，由上海鉴泉社开介绍信到静安区体育馆教授传统吴式太极拳。<br>&nbsp;2008年受美国太极拳爱好者邀请，赴美国芝加哥讲授太极与养生课程，在当地受到好评，并被当地报纸刊登专门文章介绍。<br>&nbsp;刘师傅经常在江苏、浙江等地传播吴式太极拳，平时每天坚持在上海吴式太极拳传统的授拳地点----襄阳公园活动。<br>&nbsp; &nbsp; 刘师傅曾任上海鉴泉太极拳社常务理事，现在是社里的顾问。<br>&nbsp; &nbsp; 刘师傅强调太极拳学习者要领悟吴式太极的基本原则。 “后发制人，柔化为主”，“ 彼不动，已不动，彼微动，已先动”。<br>&nbsp; &nbsp; 和刘师傅推手，你会感到他的双手能非常松软的粘住你而你却不能反抗，刘师傅可以毫不费力的完全控制你的身体和精神。<br>&nbsp; &nbsp; &nbsp;刘师傅拿法是继承裴祖荫先生的特有的手法。在对方不知不觉的过程中完成，随心所欲，沾手而成，到对方感觉到时已被拿住了。<br>&nbsp; &nbsp; 刘师傅丹田的运动放松而又具有强大的力量，刘师傅身体内部是动态和灵活的而且能自如和随意的掌控。刘师傅能在任何时间向任何方向发功，让人感到你就像刘师傅手里的一个小玩具那样的神奇。<br></article><!-- ./wrap --> ,status=0 ,updated=0.94100000 1463759165  IP: 127.0.0.1 User ID: UserName:	 [2016-05-20 23:46:05]
[System] Update  Collection: [configs],Condition: _id=573f2ddb1d9bdafb4e0041a8  Data:title=home ,body=<p>
  </p><article class="wrap" itemscope="" itemtype="http://schema.org/Article">
    
    
    <p>
      </p><h1>吴式太极拳</h1><p>

</p><h2 id="installation">裴祖荫</h2>

<p>&nbsp; &nbsp;太极名师裴祖荫先生生于1917年，童稚爱好体育，稍长演练少林，20世纪20年代末，吴式太极拳拳架定型人吴鉴泉宗师，南迁上海传授拳术，裴先生闻迅即速前往请业，宗师  感其诚，纳于门下，数年即登堂入室，获得薪传。嗣后，裴先生长时间与吴门中的大师高手如吴公仪、吴公藻、马岳梁、赵寿村等交往甚密，尤其与公仪关系亲密，延请至家中传授拳架与推手；1936年裴先生奉宗师之命，正式师事马岳梁大师，吴式太极拳精义秘要悉数为裴先生所得。    裴先生对其他门派拳术、擒拿、摔跤、西洋拳击、日本柔道、空手道等都备加关注，研究琢磨，因此裴先生的拳架、推手、擒拿、散手都超群绝伦，别具特色。马岳梁大师曾赞许说：“裴先生人品好，功夫了不起”。吴公仪离沪到香港时，要求裴祖荫先生多与张达泉、吴耀宗联系，因而裴祖荫先生经常出入他们的住处与活动场所。<br>&nbsp;裴祖荫先生生前主要在襄阳公园、静安公园和西康公园（南阳公园）活动，授业者众多，经常是里三层外三层围绕周围，早期学生有何南杰、苏宝泉等人，鉴泉社复社后正式收梁琪华、洪宗南、刘继发和夏福星四人为入室弟子。</p>

<h2 id="running-jekyll">刘继发</h2>

<p></p>&nbsp; &nbsp; 著名吴式太极传人， 刘继发师傅生于1939年，从27岁时开始跟随吴式太极拳名师裴祖荫先生学习太极拳。作为跟随裴先生20 多年的徒弟，刘师傅在文革结束上海鉴泉社复社后，正式拜师裴先生。刘师傅在八十年代被裴先生引荐给马岳梁和吴英华大师。裴先生去世后，刘师傅跟随马岳梁和吴英华大师继续学习太极拳。刘师傅精于传统的太极拳架以及松软敏捷的推手技巧。刘师傅的拳架完整的继承了马和裴的拳架和传统。刘师傅1983年至1986年，由上海鉴泉社开介绍信到静安区体育馆教授传统吴式太极拳。2008年受美国太极拳爱好者邀请，赴美国芝加哥讲授太极与养生课程，在当地受到好评，并被当地报纸刊登专门文章介绍。刘师傅经常在江苏、浙江等地传播吴式太极拳，平时每天坚持在上海吴式太极拳传统的授拳地点----襄阳公园活动。刘师傅曾任上海鉴泉太极拳社常务理事，现在是社里的顾问。刘师傅强调太极拳学习者要领悟吴式太极的基本原则。 “后发制人，柔化为主”，“ 彼不动，已不动，彼微动，已先动”。和刘师傅推手，你会感到他的双手能非常松软的粘住你而你却不能反抗，刘师傅可以毫不费力的完全控制你的身体和精神。刘师傅拿法是继承裴祖荫先生的特有的手法。在对方不知不觉的过程中完成，随心所欲，沾手而成，到对方感觉到时已被拿住了。刘师傅丹田的运动放松而又具有强大的力量，刘师傅身体内部是动态和灵活的而且能自如和随意的掌控。刘师傅能在任何时间向任何方向发功，让人感到你就像刘师傅手里的一个小玩具那样的神奇。<br></article><!-- ./wrap --> ,status=0 ,updated=0.29100000 1463759262  IP: 127.0.0.1 User ID: UserName:	 [2016-05-20 23:47:42]
[System] Update  Collection: [configs],Condition: _id=573f2ddb1d9bdafb4e0041a8  Data:title=home ,body=<p>
  </p><article class="wrap" itemscope="" itemtype="http://schema.org/Article">
    
    
    <p>
      </p><h1>吴式太极拳</h1><p>

</p><h2 id="installation">裴祖荫</h2>

<p>&nbsp; &nbsp;太极名师裴祖荫先生生于1917年，童稚爱好体育，稍长演练少林，20世纪20年代末，吴式太极拳拳架定型人吴鉴泉宗师，南迁上海传授拳术，裴先生闻迅即速前往请业，宗师  感其诚，纳于门下，数年即登堂入室，获得薪传。嗣后，裴先生长时间与吴门中的大师高手如吴公仪、吴公藻、马岳梁、赵寿村等交往甚密，尤其与公仪关系亲密，延请至家中传授拳架与推手；1936年裴先生奉宗师之命，正式师事马岳梁大师，吴式太极拳精义秘要悉数为裴先生所得。    裴先生对其他门派拳术、擒拿、摔跤、西洋拳击、日本柔道、空手道等都备加关注，研究琢磨，因此裴先生的拳架、推手、擒拿、散手都超群绝伦，别具特色。马岳梁大师曾赞许说：“裴先生人品好，功夫了不起”。吴公仪离沪到香港时，要求裴祖荫先生多与张达泉、吴耀宗联系，因而裴祖荫先生经常出入他们的住处与活动场所。<br>&nbsp;裴祖荫先生生前主要在襄阳公园、静安公园和西康公园（南阳公园）活动，授业者众多，经常是里三层外三层围绕周围，早期学生有何南杰、苏宝泉等人，鉴泉社复社后正式收梁琪华、洪宗南、刘继发和夏福星四人为入室弟子。</p>

<h2 id="running-jekyll">刘继发</h2>

<p>&nbsp; &nbsp; 著名吴式太极传人， 刘继发师傅生于1939年，从27岁时开始跟随吴式太极拳名师裴祖荫先生学习太极拳。作为跟随裴先生20 多年的徒弟，刘师傅在文革结束上海鉴泉社复社后，正式拜师裴先生。刘师傅在八十年代被裴先生引荐给马岳梁和吴英华大师。裴先生去世后，刘师傅跟随马岳梁和吴英华大师继续学习太极拳。刘师傅精于传统的太极拳架以及松软敏捷的推手技巧。刘师傅的拳架完整的继承了马和裴的拳架和传统。刘师傅1983年至1986年，由上海鉴泉社开介绍信到静安区体育馆教授传统吴式太极拳。2008年受美国太极拳爱好者邀请，赴美国芝加哥讲授太极与养生课程，在当地受到好评，并被当地报纸刊登专门文章介绍。刘师傅经常在江苏、浙江等地传播吴式太极拳，平时每天坚持在上海吴式太极拳传统的授拳地点----襄阳公园活动。刘师傅曾任上海鉴泉太极拳社常务理事，现在是社里的顾问。刘师傅强调太极拳学习者要领悟吴式太极的基本原则。 “后发制人，柔化为主”，“ 彼不动，已不动，彼微动，已先动”。和刘师傅推手，你会感到他的双手能非常松软的粘住你而你却不能反抗，刘师傅可以毫不费力的完全控制你的身体和精神。刘师傅拿法是继承裴祖荫先生的特有的手法。在对方不知不觉的过程中完成，随心所欲，沾手而成，到对方感觉到时已被拿住了。刘师傅丹田的运动放松而又具有强大的力量，刘师傅身体内部是动态和灵活的而且能自如和随意的掌控。刘师傅能在任何时间向任何方向发功，让人感到你就像刘师傅手里的一个小玩具那样的神奇。</p><br></article><!-- ./wrap --> ,status=0 ,updated=0.39700000 1463759298  IP: 127.0.0.1 User ID: UserName:	 [2016-05-20 23:48:18]
[System] Update  Collection: [configs],Condition: _id=573f2ddb1d9bdafb4e0041a8  Data:title=home ,body=<p>
  </p><article class="wrap" itemscope="" itemtype="http://schema.org/Article">
    
    
    <p>
      </p><h1>吴式太极拳</h1><p>

</p><h2 id="installation">裴祖荫</h2>

<p>   太极名师裴祖荫先生生于1917年，童稚爱好体育，稍长演练少林，20世纪20年代末，吴式太极拳拳架定型人吴鉴泉宗师，南迁上海传授拳术，裴先生闻迅即速前往请业，宗师  感其诚，纳于门下，数年即登堂入室，获得薪传。嗣后，裴先生长时间与吴门中的大师高手如吴公仪、吴公藻、马岳梁、赵寿村等交往甚密，尤其与公仪关系亲密，延请至家中传授拳架与推手；1936年裴先生奉宗师之命，正式师事马岳梁大师，吴式太极拳精义秘要悉数为裴先生所得。    裴先生对其他门派拳术、擒拿、摔跤、西洋拳击、日本柔道、空手道等都备加关注，研究琢磨，因此裴先生的拳架、推手、擒拿、散手都超群绝伦，别具特色。马岳梁大师曾赞许说：“裴先生人品好，功夫了不起”。吴公仪离沪到香港时，要求裴祖荫先生多与张达泉、吴耀宗联系，因而裴祖荫先生经常出入他们的住处与活动场所。<br> 裴祖荫先生生前主要在襄阳公园、静安公园和西康公园（南阳公园）活动，授业者众多，经常是里三层外三层围绕周围，早期学生有何南杰、苏宝泉等人，鉴泉社复社后正式收梁琪华、洪宗南、刘继发和夏福星四人为入室弟子。</p>

<h2 id="running-jekyll">刘继发</h2>

<p>    著名吴式太极传人， 刘继发师傅生于1939年，从27岁时开始跟随吴式太极拳名师裴祖荫先生学习太极拳。作为跟随裴先生20 多年的徒弟，刘师傅在文革结束上海鉴泉社复社后，正式拜师裴先生。刘师傅在八十年代被裴先生引荐给马岳梁和吴英华大师。裴先生去世后，刘师傅跟随马岳梁和吴英华大师继续学习太极拳。刘师傅精于传统的太极拳架以及松软敏捷的推手技巧。刘师傅的拳架完整的继承了马和裴的拳架和传统。刘师傅1983年至1986年，由上海鉴泉社开介绍信到静安区体育馆教授传统吴式太极拳。2008年受美国太极拳爱好者邀请，赴美国芝加哥讲授太极与养生课程，在当地受到好评，并被当地报纸刊登专门文章介绍。刘师傅经常在江苏、浙江等地传播吴式太极拳，平时每天坚持在上海吴式太极拳传统的授拳地点----襄阳公园活动。刘师傅曾任上海鉴泉太极拳社常务理事，现在是社里的顾问。刘师傅强调太极拳学习者要领悟吴式太极的基本原则。 “后发制人，柔化为主”，“ 彼不动，已不动，彼微动，已先动”。和刘师傅推手，你会感到他的双手能非常松软的粘住你而你却不能反抗，刘师傅可以毫不费力的完全控制你的身体和精神。刘师傅拿法是继承裴祖荫先生的特有的手法。在对方不知不觉的过程中完成，随心所欲，沾手而成，到对方感觉到时已被拿住了。刘师傅丹田的运动放松而又具有强大的力量，刘师傅身体内部是动态和灵活的而且能自如和随意的掌控。刘师傅能在任何时间向任何方向发功，让人感到你就像刘师傅手里的一个小玩具那样的神奇。</p><br></article><!-- ./wrap --> ,status=0 ,updated=0.54600000 1463759519  IP: 127.0.0.1 User ID: UserName:	 [2016-05-20 23:51:59]
[System] Update  Collection: [configs],Condition: _id=573f2ddb1d9bdafb4e0041a8  Data:title=home ,body=<p>
  </p><article class="wrap" itemscope="" itemtype="http://schema.org/Article">
    
    
    <p>
      </p><h1>吴式太极拳</h1><p>

</p><h2 id="installation">裴祖荫</h2>

<p>   太极名师裴祖荫先生生于1917年，童稚爱好体育，稍长演练少林，20世纪20年代末，吴式太极拳拳架定型人吴鉴泉宗师，南迁上海传授拳术，裴先生闻迅即速前往请业，宗师  感其诚，纳于门下，数年即登堂入室，获得薪传。嗣后，裴先生长时间与吴门中的大师高手如吴公仪、吴公藻、马岳梁、赵寿村等交往甚密，尤其与公仪关系亲密，延请至家中传授拳架与推手；1936年裴先生奉宗师之命，正式师事马岳梁大师，吴式太极拳精义秘要悉数为裴先生所得。    裴先生对其他门派拳术、擒拿、摔跤、西洋拳击、日本柔道、空手道等都备加关注，研究琢磨，因此裴先生的拳架、推手、擒拿、散手都超群绝伦，别具特色。马岳梁大师曾赞许说：“裴先生人品好，功夫了不起”。吴公仪离沪到香港时，要求裴祖荫先生多与张达泉、吴耀宗联系，因而裴祖荫先生经常出入他们的住处与活动场所。<br> 裴祖荫先生生前主要在襄阳公园、静安公园和西康公园（南阳公园）活动，授业者众多，经常是里三层外三层围绕周围，早期学生有何南杰、苏宝泉等人，鉴泉社复社后正式收梁琪华、洪宗南、刘继发和夏福星四人为入室弟子。</p>

<h2 id="running-jekyll">刘继发</h2>

<p>    著名吴式太极传人， 刘继发师傅生于1939年，从27岁时开始跟随吴式太极拳名师裴祖荫先生学习太极拳。作为跟随裴先生20 多年的徒弟，刘师傅在文革结束上海鉴泉社复社后，正式拜师裴先生。刘师傅在八十年代被裴先生引荐给马岳梁和吴英华大师。裴先生去世后，刘师傅跟随马岳梁和吴英华大师继续学习太极拳。刘师傅精于传统的太极拳架以及松软敏捷的推手技巧。刘师傅的拳架完整的继承了马和裴的拳架和传统。刘师傅1983年至1986年，由上海鉴泉社开介绍信到静安区体育馆教授传统吴式太极拳。2008年受美国太极拳爱好者邀请，赴美国芝加哥讲授太极与养生课程，在当地受到好评，并被当地报纸刊登专门文章介绍。刘师傅经常在江苏、浙江等地传播吴式太极拳，平时每天坚持在上海吴式太极拳传统的授拳地点----襄阳公园活动。刘师傅曾任上海鉴泉太极拳社常务理事，现在是社里的顾问。刘师傅强调太极拳学习者要领悟吴式太极的基本原则。 “后发制人，柔化为主”，“ 彼不动，已不动，彼微动，已先动”。和刘师傅推手，你会感到他的双手能非常松软的粘住你而你却不能反抗，刘师傅可以毫不费力的完全控制你的身体和精神。刘师傅拿法是继承裴祖荫先生的特有的手法。在对方不知不觉的过程中完成，随心所欲，沾手而成，到对方感觉到时已被拿住了。刘师傅丹田的运动放松而又具有强大的力量，刘师傅身体内部是动态和灵活的而且能自如和随意的掌控。刘师傅能在任何时间向任何方向发功，让人感到你就像刘师傅手里的一个小玩具那样的神奇。</p><br></article><!-- ./wrap --> ,status=0 ,updated=0.14000000 1463759528  IP: 127.0.0.1 User ID: UserName:	 [2016-05-20 23:52:08]
[System] Update  Collection: [posts],Condition: _id=573ecc911d9bdaf94e0041aa  Data:title=11test222 ,body=<p>sadfasdf</p> ,slug=asdfsadf11 ,status=0 ,updated=0.89100000 1463759536  IP: 127.0.0.1 User ID: UserName:	 [2016-05-20 23:52:16]
[System] Update  Collection: [posts],Condition: _id=573ecc911d9bdaf94e0041aa  Data:title=11test222 ,body=<p>sadfasdf</p> ,slug=asdfsadf11 ,status=0 ,updated=0.49200000 1463759978  IP: 127.0.0.1 User ID: UserName:	 [2016-05-20 23:59:38]
